<?xml version="1.0" encoding="UTF-8"?>
<!-- Generated by org.testng.reporters.JUnitReportReporter -->
<testsuite hostname="MSI" name="com.lc.testChuanCan.testNG05" tests="1" failures="0" timestamp="8 Dec 2020 05:50:05 GMT" time="0.000" errors="0">
  <testcase name="testNG05_01" time="0.000" classname="com.lc.testChuanCan.testNG05"/>
</testsuite> <!-- com.lc.testChuanCan.testNG05 -->
