<?xml version="1.0" encoding="UTF-8"?>
<!-- Generated by org.testng.reporters.JUnitReportReporter -->
<testsuite hostname="DESKTOP-1U6579J" name="com.lc.tesgFenZu.TestNG14" tests="5" failures="0" timestamp="14 Dec 2020 13:51:03 GMT" time="0.008" errors="0">
  <testcase name="runSelenium" time="0.006" classname="com.lc.tesgFenZu.TestNG14"/>
  <testcase name="runSelenium1" time="0.000" classname="com.lc.tesgFenZu.TestNG14"/>
  <testcase name="testConnectOracle1" time="0.000" classname="com.lc.tesgFenZu.TestNG14"/>
  <testcase name="runFinal" time="0.001" classname="com.lc.tesgFenZu.TestNG14"/>
  <testcase name="testConnectOracle" time="0.001" classname="com.lc.tesgFenZu.TestNG14"/>
</testsuite> <!-- com.lc.tesgFenZu.TestNG14 -->
