<?xml version="1.0" encoding="UTF-8"?>
<!-- Generated by org.testng.reporters.JUnitReportReporter -->
<testsuite hostname="MSI" name="com.lc.testChuanCan02.testNG10" tests="1" failures="0" timestamp="9 Dec 2020 07:15:03 GMT" time="0.000" errors="0">
  <testcase name="testNG10_03" time="0.000" classname="com.lc.testChuanCan02.testNG10"/>
</testsuite> <!-- com.lc.testChuanCan02.testNG10 -->
