<?xml version="1.0" encoding="UTF-8"?>
<!-- Generated by org.testng.reporters.JUnitReportReporter -->
<testsuite hostname="DESKTOP-1U6579J" name="com.lc.testngFenZu.functionB" tests="1" failures="0" timestamp="21 Dec 2020 14:53:35 GMT" time="0.001" errors="0">
  <testcase name="testMethod3" time="0.001" classname="com.lc.testngFenZu.functionB"/>
</testsuite> <!-- com.lc.testngFenZu.functionB -->
