<?xml version="1.0" encoding="UTF-8"?>
<!-- Generated by org.testng.reporters.JUnitReportReporter -->
<testsuite hostname="DESKTOP-1U6579J" name="com.lc.testngYiLai.TestNG18" tests="1" failures="0" timestamp="20 Dec 2020 14:43:09 GMT" time="0.001" errors="0">
  <testcase name="test_001" time="0.001" classname="com.lc.testngYiLai.TestNG18"/>
</testsuite> <!-- com.lc.testngYiLai.TestNG18 -->
