<?xml version="1.0" encoding="UTF-8"?>
<!-- Generated by org.testng.reporters.JUnitReportReporter -->
<testsuite hostname="DESKTOP-1U6579J" name="com.lc.testngaa.aa" tests="1" failures="0" timestamp="6 Dec 2020 12:55:30 GMT" time="0.006" errors="0">
  <testcase name="f" time="0.006" classname="com.lc.testngaa.aa"/>
</testsuite> <!-- com.lc.testngaa.aa -->
