<?xml version="1.0" encoding="UTF-8"?>
<!-- Generated by org.testng.reporters.JUnitReportReporter -->
<testsuite hostname="DESKTOP-1U6579J" name="com.lc.testngTaoJian.testNG03" tests="2" failures="0" timestamp="6 Dec 2020 12:56:16 GMT" time="0.000" errors="0">
  <testcase name="aatestNG_04" time="0.000" classname="com.lc.testngTaoJian.testNG03"/>
  <testcase name="testNG_03" time="0.000" classname="com.lc.testngTaoJian.testNG03"/>
</testsuite> <!-- com.lc.testngTaoJian.testNG03 -->
