<?xml version="1.0" encoding="UTF-8"?>
<!-- Generated by org.testng.reporters.JUnitReportReporter -->
<testsuite hostname="DESKTOP-1U6579J" name="com.lc.testngTaoJian.testNG01" tests="1" failures="0" timestamp="6 Dec 2020 12:56:16 GMT" time="0.006" errors="0">
  <testcase name="testNG_01" time="0.006" classname="com.lc.testngTaoJian.testNG01"/>
</testsuite> <!-- com.lc.testngTaoJian.testNG01 -->
