<?xml version="1.0" encoding="UTF-8"?>
<!-- Generated by org.testng.reporters.JUnitReportReporter -->
<testsuite hostname="DESKTOP-1U6579J" name="com.lc.testngYiLai.TestNG16" tests="3" failures="0" timestamp="20 Dec 2020 14:43:09 GMT" time="0.006" errors="0">
  <testcase name="test_method1" time="0.006" classname="com.lc.testngYiLai.TestNG16"/>
  <testcase name="test_method2" time="0.000" classname="com.lc.testngYiLai.TestNG16"/>
  <testcase name="test_method3" time="0.000" classname="com.lc.testngYiLai.TestNG16"/>
</testsuite> <!-- com.lc.testngYiLai.TestNG16 -->
