<?xml version="1.0" encoding="UTF-8"?>
<!-- Generated by org.testng.reporters.JUnitReportReporter -->
<testsuite hostname="MSI" name="com.lc.testngTaoJian.testNG01" tests="1" failures="0" timestamp="7 Dec 2020 05:55:28 GMT" time="0.007" errors="0">
  <testcase name="testNG_01" time="0.007" classname="com.lc.testngTaoJian.testNG01"/>
</testsuite> <!-- com.lc.testngTaoJian.testNG01 -->
