<?xml version="1.0" encoding="UTF-8"?>
<!-- Generated by org.testng.reporters.JUnitReportReporter -->
<testsuite hostname="MSI" name="com.lc.testChuanCan02.testNG11" tests="10" failures="0" timestamp="9 Dec 2020 08:19:58 GMT" time="0.022" errors="0">
  <testcase name="random" time="0.002" classname="com.lc.testChuanCan02.testNG11"/>
  <testcase name="random" time="0.000" classname="com.lc.testChuanCan02.testNG11"/>
  <testcase name="random" time="0.001" classname="com.lc.testChuanCan02.testNG11"/>
  <testcase name="random" time="0.001" classname="com.lc.testChuanCan02.testNG11"/>
  <testcase name="random" time="0.001" classname="com.lc.testChuanCan02.testNG11"/>
  <testcase name="random" time="0.001" classname="com.lc.testChuanCan02.testNG11"/>
  <testcase name="random" time="0.000" classname="com.lc.testChuanCan02.testNG11"/>
  <testcase name="random" time="0.000" classname="com.lc.testChuanCan02.testNG11"/>
  <testcase name="random" time="0.015" classname="com.lc.testChuanCan02.testNG11"/>
  <testcase name="random" time="0.001" classname="com.lc.testChuanCan02.testNG11"/>
</testsuite> <!-- com.lc.testChuanCan02.testNG11 -->
