<?xml version="1.0" encoding="UTF-8"?>
<!-- Generated by org.testng.reporters.JUnitReportReporter -->
<testsuite hostname="MSI" name="com.lc.testChuanCan.testNG07" tests="5" failures="0" timestamp="8 Dec 2020 06:03:39 GMT" time="0.016" errors="0">
  <testcase name="testNG07_01" time="0.000" classname="com.lc.testChuanCan.testNG07"/>
  <testcase name="testNG07_01" time="0.016" classname="com.lc.testChuanCan.testNG07"/>
  <testcase name="testNG07_01" time="0.000" classname="com.lc.testChuanCan.testNG07"/>
  <testcase name="testNG07_01" time="0.000" classname="com.lc.testChuanCan.testNG07"/>
  <testcase name="testNG07_01" time="0.000" classname="com.lc.testChuanCan.testNG07"/>
</testsuite> <!-- com.lc.testChuanCan.testNG07 -->
