<?xml version="1.0" encoding="UTF-8"?>
<!-- Generated by org.testng.reporters.JUnitReportReporter -->
<testsuite hostname="DESKTOP-1U6579J" name="com.lc.testngHuLue.testNG12" tests="2" failures="0" timestamp="14 Dec 2020 13:13:39 GMT" time="0.007" errors="0">
  <testcase name="testNG12_03" time="0.001" classname="com.lc.testngHuLue.testNG12"/>
  <testcase name="testNG12_01" time="0.006" classname="com.lc.testngHuLue.testNG12"/>
</testsuite> <!-- com.lc.testngHuLue.testNG12 -->
