<?xml version="1.0" encoding="UTF-8"?>
<!-- Generated by org.testng.reporters.JUnitReportReporter -->
<testsuite hostname="DESKTOP-1U6579J" name="com.lc.testngFenZu.TestNG20" tests="3" failures="0" timestamp="21 Dec 2020 14:57:34 GMT" time="0.006" errors="0">
  <testcase name="method01" time="0.006" classname="com.lc.testngFenZu.TestNG20"/>
  <testcase name="method02" time="0.000" classname="com.lc.testngFenZu.TestNG20"/>
  <testcase name="method03" time="0.000" classname="com.lc.testngFenZu.TestNG20"/>
</testsuite> <!-- com.lc.testngFenZu.TestNG20 -->
