<?xml version="1.0" encoding="UTF-8"?>
<!-- Generated by org.testng.reporters.JUnitReportReporter -->
<testsuite hostname="DESKTOP-1U6579J" name="com.lc.testngFenZu.common" tests="2" failures="0" timestamp="21 Dec 2020 14:53:35 GMT" time="0.007" errors="0">
  <testcase name="login" time="0.006" classname="com.lc.testngFenZu.common"/>
  <testcase name="quit" time="0.001" classname="com.lc.testngFenZu.common"/>
</testsuite> <!-- com.lc.testngFenZu.common -->
